[97mSOLVER - Computes the weighted upper irredundant/domination number.
Made in 2018-2020 by Daniel Severin.
[37m[33mStatistics:
  |V| = 49, |E| = 476 (density = 40.4762%).
  Initial bounds:  LB = 0, UB = 49.
Diameter of G: 2
[37m[97mClassic UB = w(V) - min { w(N[v] - {u}) : v in V, u in N[v] } = 31
[37mNew bounds:  LB = 9, UB = 23.
[31mSolution (card = 9, weight = 9):
  private of 0 is 32
  private of 15 is 47
  private of 1 is 33
  private of 14 is 46
  private of 35 is 11
  private of 21 is 27
  private of 37 is 13
  private of 2 is 10
  private of 36 is 12
[37m[96mTime elapsed for heuristic = 0.01 sec.
[37m[35m
Complement of the transformed graph:
  |V| = 1001, |E| = 174460 (density = 34.8571%).
[37m[97mModel has 2401 variables and 2352 constraints.
[37mTried aggregator 1 time.
MIP Presolve eliminated 47 rows and 0 columns.
MIP Presolve modified 385 coefficients.
Reduced MIP has 2305 rows, 1001 columns, and 79104 nonzeros.
Reduced MIP has 1001 binaries, 0 generals, 0 SOSs, and 0 indicators.
Presolve time = 0.18 sec. (281.20 ticks)
Tried aggregator 1 time.
Reduced MIP has 2305 rows, 1001 columns, and 79104 nonzeros.
Reduced MIP has 1001 binaries, 0 generals, 0 SOSs, and 0 indicators.
Presolve time = 0.07 sec. (89.48 ticks)
Clique table members: 2305.
MIP emphasis: balance optimality and feasibility.
MIP search method: dynamic search.
Parallel mode: none, using 1 thread.
Root relaxation solution time = 0.41 sec. (650.07 ticks)

        Nodes                                         Cuts/
   Node  Left     Objective  IInf  Best Integer    Best Bound    ItCnt     Gap

      0     0       27.5838   359                     27.5838     3701         
      0     0       17.7684   238                   Cuts: 507     8235         
      0     0       16.8300   253                   Cuts: 131     9296         
      0     0       16.4696   272                   Cuts: 143    10016         
      0     0       16.1770   295                   Cuts: 106    10669         
      0     0       15.9099   291                 Cliques: 97    11429         
      0     0       15.8052   301                 Cliques: 73    11835         
      0     0       15.6678   304                 Cliques: 69    12321         
      0     0       15.6159   301                 Cliques: 33    12603         
      0     0       15.5282   311                    Cuts: 49    13042         
      0     0       15.4887   321                    Cuts: 38    13309         
      0     0       15.4446   331                 Cliques: 43    13628         
      0     0       15.4129   323                 Cliques: 32    13898         
      0     0       15.3601   334                    Cuts: 36    14249         
      0     0       15.3312   329                 Cliques: 19    14549         
      0     0       15.3108   325                    Cuts: 26    14802         
      0     0       15.2852   332                 Cliques: 19    15039         
      0     0       15.2366   334                    Cuts: 30    15371         
      0     0       15.2025   329                 Cliques: 34    15658         
      0     0       15.1894   334                 Cliques: 18    15823         
      0     0       15.1740   329                    Cuts: 12    16019         
      0     0       15.1530   330                    Cuts: 22    16278         
      0     0       15.1361   321                 Cliques: 17    16523         
      0     0       15.1220   329                 Cliques: 26    16735         
      0     0       15.1055   328                 Cliques: 19    16910         
      0     0       15.0864   333                 Cliques: 21    17137         
      0     0       15.0661   330                 Cliques: 17    17353         
      0     0       15.0452   331                 Cliques: 15    17603         
      0     0       15.0248   325                 Cliques: 14    17848         
      0     0       15.0094   335                 Cliques: 22    18042         
      0     0       14.9928   343                 Cliques: 34    18259         
      0     0       14.9854   342                 Cliques: 21    18408         
      0     0       14.9792   341                  Cliques: 7    18517         
      0     0       14.9682   334                 Cliques: 13    18705         
      0     0       14.9660   338                  Cliques: 6    18794         
      0     0       14.9630   340                  Cliques: 5    18894         
      0     2       14.9630   340                     14.9630    18894         
Elapsed time = 6.98 sec. (10268.84 ticks, tree = 0.01 MB, solutions = 0)
      1     3       12.8663   136                     14.9630    20548         
      5     7       12.3852   116                     14.9595    22856         
      7     9       12.2245   132                     14.9595    24835         
      9    11       12.7854   136                     14.9595    25980         
     10    12       14.9417   323                     14.9595    26440         
     11    13       14.9337   324                     14.9595    26984         
     12    14       12.6972   132                     14.9595    28307         
     13    15       14.9288   325                     14.9595    28619         
     14    16       12.5401   137                     14.9595    29821         
     21    23       12.5435   140                     14.9595    34897         
Elapsed time = 10.53 sec. (15215.56 ticks, tree = 0.30 MB, solutions = 0)
     27    29       11.9407   110                     14.9595    39269         
     33    35       12.7397   130                     14.9595    43717         
     39    41       12.5606   126                     14.9595    47373         
     47    49       11.9744   113                     14.9595    51914         
     52    54       12.2847   143                     14.9595    55964         
     59    61       12.4371   125                     14.9595    60513         
     63    65       12.4848   135                     14.9595    64798         
     69    71       14.6919   294                     14.9595    68008         
     74    76       12.6181   126                     14.9595    71597         
     78    80       12.4928   113                     14.9595    76163         
Elapsed time = 17.72 sec. (26198.11 ticks, tree = 0.83 MB, solutions = 0)
     84    86       14.6283   287                     14.9595    79054         
     96    98       11.9902   121                     14.9595    83758         
    109   111       11.8960   110                     14.9595    88438         
    121   123       12.7238   129                     14.9595    92957         
    133   135       12.3142   118                     14.9595    97497         
    146   148       14.3533   266                     14.9595   101738         
    157   159       14.3049   250                     14.9595   106005         
    169   171       14.2456   244                     14.9595   110278         
    180   182       11.9231   108                     14.9595   115232         
    196   198       11.6416   102                     14.9595   119831         
Elapsed time = 24.02 sec. (36606.00 ticks, tree = 4.48 MB, solutions = 0)
    209   211       11.7923   103                     14.9595   124542         
    228   230       12.2522   119                     14.9595   129388         
    241   243       13.9247   220                     14.9595   134082         
    255   257       11.1529   102                     14.9595   139447         
    270   272       11.6560   105                     14.9595   144703         
    283   285       11.9359   123                     14.9595   149327         
    298   300       11.5393    93                     14.9595   154609         
    317   319       10.7885    84                     14.9595   159462         
    331   333       11.0442    91                     14.9595   164431         
    348   350       11.0169    87                     14.9595   169876         
Elapsed time = 29.99 sec. (46934.74 ticks, tree = 9.02 MB, solutions = 0)
    365   367       11.2699    96                     14.9595   174816         
    383   385       11.6445   100                     14.9595   179838         
    400   402       13.2356   199                     14.9595   184914         
    419   421       13.1256   187                     14.9595   189976         
    438   440       13.0598   182                     14.9595   195172         
    456   456       10.2776    75                     14.9595   200850         
    477   477       10.0428    69                     14.9595   206749         
    485   485       14.7529   351                     14.7529   215433         
    487   486       14.7457   344                     14.7456   215951         
    489   488       14.7417   342                     14.7441   218155         
Elapsed time = 41.30 sec. (64222.49 ticks, tree = 13.16 MB, solutions = 0)
    491   489       12.6032   139                     14.7441   220508         
    494   490       14.7387   343                     14.7441   221056         
    496   491       12.0224   124                     14.7441   223568         
    498   492       11.9324   131                     14.7441   225683         
    502   493       12.4269   138                     14.7441   227047         
    508   495       14.7229   333                     14.7441   229250         
    511   497       11.9590   117                     14.7441   233321         
    526   507       12.0328   119                     14.7441   237553         
    532   511       12.4999   128                     14.7441   240250         
    543   516       11.9824   134                     14.7441   245009         
Elapsed time = 48.90 sec. (76142.11 ticks, tree = 12.74 MB, solutions = 0)
    558   524       11.7634   115                     14.7441   249508         
    568   531       12.6263   133                     14.7441   253294         
    577   535       11.8758   128                     14.7441   258520         
    587   542       12.4533   118                     14.7441   262464         
    594   545       14.6691   300                     14.7441   266394         
    600   550       12.1941   120                     14.7441   270112         
    613   556       14.6456   297                     14.7441   274436         
    618   559       12.1186   126                     14.7441   277586         
    628   567       12.3545   116                     14.7441   282582         
    634   569       12.3085   129                     14.7441   286648         
Elapsed time = 55.36 sec. (86831.43 ticks, tree = 12.08 MB, solutions = 0)
    647   578       11.5354   106                     14.7441   292293         
    659   586       11.9413   120                     14.7441   295516         
    674   594       11.7756   114                     14.7441   298918         
    693   607       12.1183   120                     14.7441   303025         
    715   618       11.2641   101                     14.7441   307031         
    731   626       14.5290   269                     14.7441   310721         
    750   637       11.3754    97                     14.7441   314398         
    769   650       11.9341   112                     14.7441   318252         
    786   658       12.1497   109                     14.7441   322224         
    808   670       11.1706   100                     14.7441   326328         
Elapsed time = 61.74 sec. (97693.91 ticks, tree = 15.09 MB, solutions = 0)
    824   681       14.3641   243                     14.7441   330267         
    840   695       14.3368   239                     14.7441   334003         
    858   703       14.3008   237                     14.7441   337646         
    873   708       11.0954    97                     14.7441   341705         
    894   721       10.9057    92                     14.7441   346765         
    916   736       11.3062    98                     14.7441   351079         
    942   750       11.5644   102                     14.7441   356261         
    962   759       11.5059    97                     14.7441   361441         
    989   775       14.1447   213                     14.7441   366075         
   1011   790       10.7863    88                     14.7441   371170         
Elapsed time = 67.55 sec. (107811.12 ticks, tree = 18.86 MB, solutions = 0)
   1042   810       11.1348    98                     14.7441   376167         
   1077   831       10.4812    78                     14.7441   381001         
   1111   852       11.0853    90                     14.7441   385508         
   1150   874       10.9817    88                     14.7441   390332         
   1192   885       12.5063   135                     14.7411   395491         
   1203   886       12.3041   132                     14.7392   400112         
   1205   888       12.0571   126                     14.7377   403217         
   1287   928       11.9355   113                     14.7338   407044         
   1360   922        cutoff                           14.7338   412155         
   1461   865       16.3950   143                     14.7338   424721         
Elapsed time = 75.35 sec. (121242.63 ticks, tree = 21.90 MB, solutions = 0)
   1482   874       27.2936   327                     14.7338   434942         
   1504   888       17.6831   164                     14.7338   449900         
   1528   903       17.0391   153                     14.7338   467039         
   1559   925       15.8490   131                     14.7338   481606         
   1597   940       17.7713   161                     14.7338   498564         
   1645   972       17.2939   119                     14.7338   510809         
   1709  1009       15.4872   127                     14.7338   524897         
   1815  1069       14.9582    97                     14.7338   542710         
   1975  1162       14.8665    97                     14.7338   563745         
   2157  1233       15.4197   105                     14.7338   577077         
Elapsed time = 97.64 sec. (159960.64 ticks, tree = 29.36 MB, solutions = 0)
   2935  1619       14.4829    80                     14.7338   596700         
   3791  2203       17.8815   158                     14.7338   619613         
   4945  3310       13.9299    70                     14.7338   647369         
   6130  4413       15.9115   100                     14.7338   678268         
   7686  5902       14.9164    84                     14.7338   711670         
   8857  7030       17.8389   149                     14.7338   745207         
  10164  8234       14.4697    92                     14.7338   777816         
  11222  9235       10.8000    23                     14.7338   800653         
  12619 10574       10.0000    27                     14.7338   831540         
  13906 11807       15.9321   133                     14.7338   862384         
Elapsed time = 119.67 sec. (198443.94 ticks, tree = 232.47 MB, solutions = 0)
  14888 12735       15.1424    88                     14.7338   886843         
  16352 14105       17.0102   135                     14.7338   919024         
  17783 15507       14.2317    85                     14.7338   951376         
  18810 16455       15.1214   102                     14.7338   977191         
  20089 17687       15.8566   102                     14.7338  1009817         
  21555 19104       14.6246   102                     14.7338  1044301         
  22683 20182       11.2708    48                     14.7338  1070560         
  23940 21389       11.3571    47                     14.7338  1101354         
  25360 22730       14.4830    99                     14.7338  1137795         
  26474 23727       13.5625    66                     14.7338  1166477         
Elapsed time = 140.58 sec. (236618.01 ticks, tree = 539.45 MB, solutions = 0)
  27851 25030       14.4038    97                     14.7338  1197387         
  29253 26344       15.6236   115                     14.7338  1234496         
  30462 27469       12.7077    66                     14.7338  1266112         
  31770 28612       15.6293   101                     14.7338  1297138         
  33308 30040       11.3333    48                     14.7338  1335388         
  34650 31301       14.5869    82                     14.7338  1368376         
  35854 32317       14.7890   107                     14.7338  1399061         
  37282 33616       13.5333    59                     14.7338  1435981         
  38896 35035       12.4013    67                     14.7338  1471147         
  40386 36265       11.6000    54                     14.7338  1503147         
Elapsed time = 161.28 sec. (274846.15 ticks, tree = 882.78 MB, solutions = 0)
  41949 37471       10.2222    38                     14.7338  1539827         
  43511 38698       12.1582    61                     14.7338  1573686         
  44608 39513       12.5118    64                     14.7338  1601354         
  45633 40294       13.1121    85                     14.7338  1628288         
  46683 41117       16.6830   113                     14.7338  1655242         
  48006 42252       10.0000    18                     14.7338  1685242         
  49242 43160       10.5795    64                     14.7338  1717189         
  50505 44121       10.7904    60                     14.7338  1751412         
  51857 45246       11.8486    68                     14.7338  1789116         
  53128 46127       10.9580    67                     14.7338  1823616         
Elapsed time = 181.73 sec. (313132.35 ticks, tree = 1121.35 MB, solutions = 0)
  54388 47107       10.5010    59                     14.7338  1855017         
  55686 48032       11.6775    65                     14.7338  1891604         
  56999 49068       13.1400    89                     14.7338  1928483         
  58305 50029       12.6807    83                     14.7338  1961674         
  59453 50850       11.6512    49                     14.7338  1994142         
  60874 52005       10.3029    55                     14.7338  2029651         
  62201 53036       10.5000    22                     14.7338  2067594         
  63461 53953       10.7350    58                     14.7338  2101286         
  64743 54926       10.0000    39                     14.7338  2133371         
  66132 55904       10.7500    25                     14.7338  2169605         
Elapsed time = 202.50 sec. (351332.99 ticks, tree = 1277.33 MB, solutions = 0)
  67537 56859       10.3750    47                     14.7338  2206586         
  68668 57639       11.3822    57                     14.7338  2241891         
  69797 58395        cutoff                           14.7338  2274378         
  70931 59167       11.3405    67                     14.7338  2309920         
  72398 60225        cutoff                           14.7338  2347523         
  73647 61001       10.5667    50                     14.7338  2384763         
  74907 61990        cutoff                           14.7338  2416737         
  76162 62820       10.6000    32                     14.7338  2451156         
  77501 63700        cutoff                           14.7338  2489745         
  78885 64601       11.3719    54                     14.7338  2527298         
Elapsed time = 223.36 sec. (389573.82 ticks, tree = 1418.30 MB, solutions = 0)
  80089 65421       16.8463   155                     14.7338  2560834         
  81342 66238        cutoff                           14.7338  2593514         
  82655 67089        cutoff                           14.7338  2631098         
  84104 68065       10.5536    53                     14.7338  2669578         
  85307 68884       14.3717    71                     14.7338  2705651         
  86596 69778        cutoff                           14.7338  2738623         
  87931 70686       10.1667    32                     14.7338  2773610         
  89312 71614       12.4149    66                     14.7338  2811714         
  90682 72558       15.4430    99                     14.7338  2849818         
  91952 73343       11.2872    71                     14.7338  2883564         
Elapsed time = 244.23 sec. (427786.78 ticks, tree = 1566.19 MB, solutions = 0)
  92999 73920       10.7719    59                     14.7338  2916969         
  94215 74638       14.7971   104                     14.7338  2954350         
  95534 75542       15.3946    98                     14.7338  2992443         
  96852 76367       10.2727    39                     14.7338  3029406         
  97963 77020       11.7000    42                     14.7338  3063180         
  99225 77875       10.0000    22                     14.7338  3097842         
 100460 78736        cutoff                           14.7338  3135853         
 101625 79429       10.6631    49                     14.7338  3173758         
 102911 80379       10.0000    41                     14.7338  3208738         
 104048 81158       12.1417    60                     14.7338  3242458         
Elapsed time = 265.30 sec. (465976.54 ticks, tree = 1665.22 MB, solutions = 0)
 105236 81892        cutoff                           14.7338  3277789         
 106576 82746        cutoff                           14.7338  3315715         
 107970 83658       12.1720    51                     14.7338  3355143         
 109114 84295       11.3750    53                     14.7338  3391169         
 110207 84898       13.1380    75                     14.7338  3424399         
 111618 85807       10.6310    51                     14.7338  3459903         
 112862 86550       11.8610    66                     14.7338  3498245         
 114268 87512       11.7941    49                     14.7338  3537137         
 115477 88281       10.5806    45                     14.7338  3572326         
 116724 89072       10.9702    60                     14.7338  3605993         
Elapsed time = 285.98 sec. (504203.54 ticks, tree = 1785.87 MB, solutions = 0)
 118013 89861       10.0455    39                     14.7338  3640409         
 119059 90397       10.9714    49                     14.7338  3679427         
 120450 91342       14.9648   122                     14.7338  3717556         
 121813 92173        cutoff                           14.7338  3753314         
 122888 92744       11.4787    58                     14.7338  3787013         
 124221 93563        cutoff                           14.7338  3821529         
 125638 94428       11.6000    41                     14.7338  3859883         
 126935 95265       10.2714    44                     14.7338  3899094         
 128217 96080       10.1563    43                     14.7338  3935865         
 129412 96850        cutoff                           14.7338  3969840         
Elapsed time = 306.79 sec. (542462.64 ticks, tree = 1917.36 MB, solutions = 0)
 130552 97504       10.0000    47                     14.7338  4004360         
 131880 98315        cutoff                           14.7338  4041677         
 133081 99030       10.1777    53                     14.7338  4080130         
 134454 99893       11.2941    51                     14.7338  4118824         
 135752 100747       10.2381    44                     14.7338  4153032         
 136856 101367       10.6667    46                     14.7338  4187788         
 138156 102094       10.2000    34                     14.7338  4224795         
 139472 102968        cutoff                           14.7338  4263477         
 140696 103598        cutoff                           14.7338  4301598         
 141805 104189       10.9888    59                     14.7338  4338545         
Elapsed time = 327.51 sec. (580702.69 ticks, tree = 2018.21 MB, solutions = 0)
 142963 104898       10.5000    48                     14.7338  4373169         
 144281 105796        cutoff                           14.7338  4408921         
 145578 106519       12.5000    56                     14.7338  4446674         
 146964 107430        cutoff                           14.7338  4485884         
 148151 108105       11.0000    18                     14.7338  4524016         
 149332 108830       11.7167    51                     14.7338  4558248         
 150452 109449       10.2857    47                     14.7338  4592700         
 151514 109982        cutoff                           14.7338  4630492         
 152764 110732        cutoff                           14.7338  4669091         
 154051 111487       10.1333    31                     14.7338  4708199         
Elapsed time = 348.38 sec. (618918.21 ticks, tree = 2141.99 MB, solutions = 0)
 155111 111997       11.3906    50                     14.7338  4744637         
 156215 112595       10.4275    45                     14.7338  4779204         
 157370 113112       15.0627    99                     14.7338  4814417         
 158650 113846       10.3600    44                     14.7338  4852289         
 159893 114528        cutoff                           14.7338  4890700         
 161094 115150        cutoff                           14.7338  4930188         
 162147 115680       10.5588    45                     14.7338  4965318         
 163191 116112        cutoff                           14.7338  4999971         
 164294 116565        cutoff                           14.7338  5036492         
 165472 117233        cutoff                           14.7338  5075369         
Elapsed time = 369.21 sec. (657100.26 ticks, tree = 2232.37 MB, solutions = 0)
 166715 117943       10.0000    26                     14.7338  5114256         
 167895 118632       10.3077    40                     14.7338  5151891         
 168913 119121       10.4318    44                     14.7338  5187258         
 170146 119780       10.7500    27                     14.7338  5221703         
 171304 120369       11.2821    61                     14.7338  5259408         
 172353 120820        cutoff                           14.7338  5298893         
 173320 121171       10.3418    50                     14.7338  5338385         
 174386 121618       11.4138    49                     14.7338  5375200         
 175549 122276       10.0536    40                     14.7338  5409998         
 176636 122719        cutoff                           14.7338  5446716         
Elapsed time = 390.24 sec. (695331.37 ticks, tree = 2315.82 MB, solutions = 0)
 177899 123409       11.3590    64                     14.7338  5485607         
 179198 124166        cutoff                           14.7338  5524632         
 180460 124783        cutoff                           14.7338  5564574         
 181541 125303       11.8000    51                     14.7338  5600074         
 182549 125747       10.7778    45                     14.7338  5635329         
 183559 126101        cutoff                           14.7338  5673039         
 184658 126562       10.7368    48                     14.7338  5711600         
 185869 127081       10.6250    38                     14.7338  5750072         
 186929 127541       11.1609    57                     14.7338  5787319         
 187942 127909       11.7196    71                     14.7338  5822552         
Elapsed time = 411.31 sec. (733525.91 ticks, tree = 2397.76 MB, solutions = 0)
 188961 128362       10.3522    50                     14.7338  5858245         
 190043 128768        cutoff                           14.7338  5896086         
 191135 129266       10.6818    38                     14.7338  5935061         
 192129 129595        cutoff                           14.7338  5974267         
 193050 129822       10.3659    57                     14.7214  6011432         
 193894 130026       10.8125    38                     14.7000  6046991         
 194875 130311       10.2000    49                     14.6751  6083464         
 196043 130878        cutoff                           14.6539  6122659         
 197111 131180       10.1429    43                     14.6276  6162354         
 198245 131633        cutoff                           14.6000  6201611         
Elapsed time = 432.52 sec. (771723.43 ticks, tree = 2449.99 MB, solutions = 0)
 199326 132044        cutoff                           14.5769  6238585         
 200301 132378       12.4081    85                     14.5516  6274172         
 201325 132671        cutoff                           14.5244  6312139         
 202378 132965        cutoff                           14.5000  6352032         
 203474 133322        cutoff                           14.4747  6391070         
 204443 133566        cutoff                           14.4478  6430250         
 205398 133848        cutoff                           14.4167  6466670         
 206351 134081       10.2857    37                     14.3927  6503322         
 207324 134332        cutoff                           14.3636  6542260         
 208399 134684        cutoff                           14.3344  6581564         
Elapsed time = 453.68 sec. (809934.09 ticks, tree = 2482.47 MB, solutions = 0)
 209564 135060        cutoff                           14.3060  6620601         
 210596 135370       10.5357    53                     14.2784  6658905         
 211581 135629       10.1029    50                     14.2500  6694944         
 212613 135876        cutoff                           14.2222  6733450         
 213701 136184        cutoff                           14.1915  6773145         
 214625 136273        cutoff                           14.1554  6813340         
 215527 136303       11.4722    51                     14.1221  6853117         
 216426 136399        cutoff                           14.0886  6890155         
 217299 136478        cutoff                           14.0524  6926568         
 218240 136602       10.2647    44                     14.0141  6965434         
Elapsed time = 474.88 sec. (848159.21 ticks, tree = 2498.57 MB, solutions = 0)
 219354 136725       10.0000    30                     14.0000  7005801         
 220383 136918       11.3029    65                     13.9675  7045350         
 221337 137078       10.7143    41                     13.9322  7084955         
 222118 137053        cutoff                           13.9009  7121657         
 222960 137032       10.6000    40                     13.8656  7159140         
 223945 137129       10.0000    16                     13.8290  7198526         
 225008 137384       10.5000    17                     13.7942  7237955         
 225854 137319        cutoff                           13.7551  7278013         
 226727 137269        cutoff                           13.7283  7316026         
 227643 137264       10.1970    42                     13.6858  7352676         
Elapsed time = 496.23 sec. (886382.51 ticks, tree = 2484.92 MB, solutions = 0)
 228684 137366       10.0000    16                     13.6538  7391772         
 229583 137293        cutoff                           13.6136  7432371         
 230567 137301        cutoff                           13.5745  7472098         
 231386 137080       10.2727    42                     13.5304  7511587         
 232349 137063        cutoff                           13.5000  7548924         
 233305 136983        cutoff                           13.4501  7588034         
 234300 136909        cutoff                           13.4054  7627836         
 235290 136843       10.4083    41                     13.3551  7667376         
 236212 136674       11.7714    64                     13.3097  7707276         
 237115 136556        cutoff                           13.2647  7743952         
Elapsed time = 517.52 sec. (924572.13 ticks, tree = 2451.25 MB, solutions = 0)
 238067 136412       10.2381    40                     13.2273  7782602         
 239071 136306        cutoff                           13.1829  7822150         
 239936 136027        cutoff                           13.1360  7861857         
 240950 135822        cutoff                           13.0896  7900642         
 241878 135607       10.0000    30                     13.0449  7937230         
 242791 135317       10.4286    38                     13.0000  7975680         
 243836 135154        cutoff                           12.9796  8015384         
 244788 134791        cutoff                           12.9251  8054486         
 245725 134450        cutoff                           12.8750  8094015         
 246662 134098        cutoff                           12.8198  8131910         
Elapsed time = 539.39 sec. (962792.61 ticks, tree = 2383.54 MB, solutions = 0)
 247500 133655        cutoff                           12.7778  8168589         
 248399 133171        cutoff                           12.7308  8207369         
 249271 132638        cutoff                           12.6752  8246016         
 250251 132156        cutoff                           12.6324  8284684         
 251277 131699       10.3333    24                     12.5880  8322863         
 252143 131099        cutoff                           12.5378  8357950         
 253213 130555        cutoff                           12.5000  8395568         
 254164 129925        cutoff                           12.4516  8433364         
 255137 129354        cutoff                           12.4000  8471125         
 256178 128796        cutoff                           12.3543  8508302         
Elapsed time = 561.86 sec. (1000959.85 ticks, tree = 2272.14 MB, solutions = 0)
 257206 128170        cutoff                           12.3091  8544718         
 258150 127462        cutoff                           12.2500  8580287         
 259202 126811        cutoff                           12.2123  8616786         
 260303 126140        cutoff                           12.1667  8652783         
 261309 125387        cutoff                           12.1190  8688546         
 262355 124599        cutoff                           12.0600  8724131         
 263424 123958        cutoff                           12.0000  8757374         
 264571 122998        cutoff                           12.0000  8793594         
 265647 122202        cutoff                           11.9604  8829308         
 266753 121425        cutoff                           11.9093  8863806         
Elapsed time = 584.38 sec. (1039133.62 ticks, tree = 2121.50 MB, solutions = 0)
 267846 120570        cutoff                           11.8632  8897568         
 268960 119750        cutoff                           11.8182  8929895         
 270045 118776        cutoff                           11.7765  8962416         
 271184 117863        cutoff                           11.7368  8995251         
 272312 116859        cutoff                           11.6899  9027475         
 273506 115968        cutoff                           11.6594  9059811         
 274730 115078        cutoff                           11.6184  9091703         
 275866 113982        cutoff                           11.5824  9122208         
 277029 112982        cutoff                           11.5379  9151785         
 278240 111943        cutoff                           11.5000  9181526         
Elapsed time = 607.35 sec. (1077302.50 ticks, tree = 1936.50 MB, solutions = 0)
 279534 110730        cutoff                           11.5000  9212127         
 280727 109681        cutoff                           11.4500  9242304         
 281909 108533        cutoff                           11.4118  9272186         
 283104 107392        cutoff                           11.3750  9301022         
 284297 106369        cutoff                           11.3333  9329221         
 285554 105204        cutoff                           11.3126  9357106         
 286828 104118        cutoff                           11.2812  9385735         
 288133 102905        cutoff                           11.2500  9414009         
 289422 101716        cutoff                           11.2222  9441402         
 290737 100455        cutoff                           11.1882  9469215         
Elapsed time = 629.43 sec. (1115463.16 ticks, tree = 1725.16 MB, solutions = 0)
 292057 99180        cutoff                           11.1579  9494996         
 293338 97933        cutoff                           11.1250  9520389         
 294656 96727        cutoff                           11.0909  9545555         
 296009 95448        cutoff                           11.0566  9570477         
 297352 94122        cutoff                           11.0066  9595838         
 298770 92728        cutoff                           11.0000  9623536         
 300214 91301        8.0000    36                     11.0000  9653079         
 301533 90001       10.0000    28                     11.0000  9682441         
 302885 88678        cutoff                           10.9916  9709674         
 304227 87371        cutoff                           10.9478  9734782         
Elapsed time = 650.60 sec. (1153633.17 ticks, tree = 1489.87 MB, solutions = 0)
 305631 86109        cutoff                           10.9167  9758829         
 307027 84721        cutoff                           10.8889  9782806         
 308413 83382        cutoff                           10.8636  9805056         
 309861 81983        cutoff                           10.8333  9830377         
 311325 80528        cutoff                           10.8125  9854277         
 312800 79078        cutoff                           10.7895  9878453         
 314260 77640        cutoff                           10.7568  9902201         
 315803 76114        cutoff                           10.7500  9925382         
 317300 74647        cutoff                           10.7200  9948877         
 318809 73162        cutoff                           10.6977  9971833         
Elapsed time = 669.81 sec. (1191794.18 ticks, tree = 1245.86 MB, solutions = 0)
 320354 71695        cutoff                           10.6667  9994259         
 321929 70154        cutoff                           10.6667 10015900         
 323462 68626        cutoff                           10.6389 10037582         
 325052 67047        cutoff                           10.6201 10058225         
 326626 65484        cutoff                           10.6000 10079197         
 328240 63945        cutoff                           10.5789 10098967         
 329843 62345        cutoff                           10.5556 10118462         
 331447 60743        cutoff                           10.5275 10137881         
 333056 59152        cutoff                           10.5000 10157941         
 334798 57427        cutoff                           10.5000 10177399         
Elapsed time = 688.11 sec. (1229950.66 ticks, tree = 973.82 MB, solutions = 0)
 336511 55714        cutoff                           10.5000 10196827         
 338129 54105        cutoff                           10.5000 10217148         
 339768 52500        cutoff                           10.4848 10237533         
 341397 50888        cutoff                           10.4545 10255516         
 343081 49217        cutoff                           10.4286 10272517         
 344774 47524        cutoff                           10.4048 10288910         
 346475 45830        cutoff                           10.3889 10304595         
 348177 44136        cutoff                           10.3655 10320292         
 349887 42426        cutoff                           10.3333 10335530         
 351646 40667        cutoff                           10.3333 10350663         
Elapsed time = 705.55 sec. (1268109.27 ticks, tree = 689.75 MB, solutions = 0)
 353378 38944        cutoff                           10.3179 10365794         
 355130 37200        cutoff                           10.2941 10379525         
 356896 35441        cutoff                           10.2727 10392994         
 358680 33684        cutoff                           10.2500 10405727         
 360512 31853        cutoff                           10.2500 10418654         
 362311 30067        cutoff                           10.2222 10430302         
 364143 28248        cutoff                           10.2000 10441507         
 365979 26421        cutoff                           10.1818 10452500         
 367856 24553        cutoff                           10.1667 10462711         
 369721 22697        cutoff                           10.1429 10472559         
Elapsed time = 722.46 sec. (1306266.74 ticks, tree = 389.28 MB, solutions = 0)
 371653 20767        cutoff                           10.1250 10481320         
 373580 18846        cutoff                           10.0930 10489473         
 375528 16898        cutoff                           10.0588 10496786         
 377444 15092        cutoff                           10.0000 10505829         
 379274 13649        cutoff                           10.0000 10522290         
 381252 12200        cutoff                           10.0000 10538806         
 383335 10737       10.0000    16                     10.0000 10556055         
 385414  9267        cutoff                           10.0000 10572244         
 387371  7843        cutoff                           10.0000 10588184         
 389251  6310        cutoff                           10.0000 10604754         
Elapsed time = 739.12 sec. (1344428.41 ticks, tree = 113.47 MB, solutions = 0)
 391133  4826       10.0000    29                     10.0000 10622233         
 392958  3314        cutoff                           10.0000 10640107         
 394900  1829        cutoff                           10.0000 10657493         
 396794   241        cutoff                           10.0000 10674344         

Root node processing (before b&c):
  Real time             =    6.96 sec. (10240.77 ticks)
Sequential b&c:
  Real time             =  739.15 sec. (1351698.69 ticks)
                          ------------
Total (root+branch&cut) =  746.10 sec. (1361939.46 ticks)
Number of nodes evaluated: 397068
[92mInfeasible. Therefore, the solution given by the heuristic is optimal!
[37m[31mSolution (card = 9, weight = 9):
  private of 0 is 32
  private of 15 is 47
  private of 1 is 33
  private of 14 is 46
  private of 35 is 11
  private of 21 is 27
  private of 37 is 13
  private of 2 is 10
  private of 36 is 12
[37m[96mTime elapsed during optimization = 745.31 sec.
[37mCoq certificate written in certificate.v
Reading graph from output.dimacs...OK
Searching for a single maximum size clique...
  2/1001 (max  1)  0.01 s  (0.00 s/round)
 66/1001 (max  2)  0.01 s  (0.00 s/round)
115/1001 (max  3)  0.01 s  (0.00 s/round)
157/1001 (max  4)  0.01 s  (0.00 s/round)
208/1001 (max  5)  0.01 s  (0.00 s/round)
263/1001 (max  6)  0.01 s  (0.00 s/round)
335/1001 (max  7)  0.01 s  (0.00 s/round)
474/1001 (max  8)  0.03 s  (0.00 s/round)
691/1001 (max  8)  0.13 s  (0.00 s/round)
733/1001 (max  9)  0.22 s  (0.00 s/round)
874/1001 (max  9)  0.32 s  (0.00 s/round)
916/1001 (max  9)  0.42 s  (0.00 s/round)
949/1001 (max  9)  0.53 s  (0.00 s/round)
972/1001 (max  9)  0.63 s  (0.00 s/round)
996/1001 (max  9)  0.73 s  (0.00 s/round)
1001/1001 (max  9)  0.76 s  (0.01 s/round)
